No. Date, Time, Username, Description activity, Additional Information, Suspicious
1 07-06-2024 15:56:01 testadmin Logged in  No
2 07-06-2024 15:56:36 testadmin Logged in  No
3 07-06-2024 15:56:56 testadmin User: Consultant is updated. User: "testconsul" No
4 07-06-2024 15:58:27 testadmin Logged in  No
5 07-06-2024 16:07:15 testadmin Logged in  No
6 07-06-2024 16:08:41 testadmin Logged in  No
7 07-06-2024 16:09:09 testadmin Updated password. SystemAdmin: testadmin changed his password No
8 07-06-2024 16:16:44 testadmin Logged in  No
9 07-06-2024 20:05:38 Super Admin Logged in  No
10 07-06-2024 20:12:14 Super Admin Logged in  No
11 07-06-2024 20:14:43 Super Admin Logged in  No
12 07-06-2024 20:23:24 pawi Logged in  No
13 07-06-2024 20:25:56 testconsul Logged in  No
14 07-06-2024 20:26:24 rodeconsultant Logged in  No
15 07-06-2024 20:26:47 Super Admin Logged in  No
16 07-06-2024 20:27:23 pawi Logged in  No
17 07-06-2024 20:28:28 Super Admin Logged in  No
18 07-06-2024 20:29:42 super_admin User: SystemAdmin is updated. User: "systemadmin" No
19 07-06-2024 20:31:43 super_admin User: SystemAdmin password updated. SystemAdmin: "systemadmin" password is updated No
20 07-06-2024 20:38:40 systemadmin Logged in  No
21 07-06-2024 20:51:45 pawi Logged in  No
22 07-06-2024 20:52:18 pawi Logged in  No
23 07-06-2024 20:53:44 pawi Logged in  No
24 07-06-2024 21:02:53 pawi Logged in  No
25 07-06-2024 21:05:49 pawi Logged in  No
26 07-06-2024 21:10:17 pawi Logged in  No
27 07-06-2024 21:12:47 pawi Logged in  No
